2021-04-10T21:15:00+00:00 ERROR : Twig\Error\LoaderError: Unable to find template "variable.twig" (looked into: /var/www/html/view). in /var/www/html/vendor/twig/twig/src/Loader/FilesystemLoader.php:227
Stack trace:
#0 /var/www/html/vendor/twig/twig/src/Loader/FilesystemLoader.php(131): Twig\Loader\FilesystemLoader->findTemplate('variable.twig')
#1 /var/www/html/vendor/twig/twig/src/Environment.php(261): Twig\Loader\FilesystemLoader->getCacheKey('variable.twig')
#2 /var/www/html/vendor/twig/twig/src/Environment.php(309): Twig\Environment->getTemplateClass('variable.twig')
#3 /var/www/html/vendor/twig/twig/src/Environment.php(277): Twig\Environment->load('variable.twig')
#4 /var/www/html/app/Controllers/HomeController.php(60): Twig\Environment->render('variable.twig', Array)
#5 [internal function]: App\Controllers\HomeController->get(Object(Slim\Psr7\Request), Object(Slim\Psr7\Response))
#6 /var/www/html/vendor/php-di/invoker/src/Invoker.php(74): call_user_func_array(Array, Array)
#7 /var/www/html/vendor/php-di/slim-bridge/src/ControllerInvoker.php(47): Invoker\Invoker->call(Array, Array)
#8 /var/www/html/vendor/slim/slim/Slim/Routing/Route.php(384): DI\Bridge\Slim\ControllerInvoker->__invoke(Array, Object(Slim\Psr7\Request), Object(Slim\Psr7\Response), Array)
#9 /var/www/html/vendor/slim/slim/Slim/MiddlewareDispatcher.php(81): Slim\Routing\Route->handle(Object(Slim\Psr7\Request))
#10 /var/www/html/vendor/slim/slim/Slim/MiddlewareDispatcher.php(81): Slim\MiddlewareDispatcher->handle(Object(Slim\Psr7\Request))
#11 /var/www/html/vendor/slim/slim/Slim/Routing/Route.php(341): Slim\MiddlewareDispatcher->handle(Object(Slim\Psr7\Request))
#12 /var/www/html/vendor/slim/slim/Slim/Routing/RouteRunner.php(84): Slim\Routing\Route->run(Object(Slim\Psr7\Request))
#13 /var/www/html/vendor/slim/slim/Slim/Middleware/RoutingMiddleware.php(59): Slim\Routing\RouteRunner->handle(Object(Slim\Psr7\Request))
#14 /var/www/html/vendor/slim/slim/Slim/MiddlewareDispatcher.php(147): Slim\Middleware\RoutingMiddleware->process(Object(Slim\Psr7\Request), Object(Slim\Routing\RouteRunner))
#15 /var/www/html/vendor/slim/slim/Slim/Middleware/ErrorMiddleware.php(107): Psr\Http\Server\RequestHandlerInterface@anonymous->handle(Object(Slim\Psr7\Request))
#16 /var/www/html/vendor/slim/slim/Slim/MiddlewareDispatcher.php(147): Slim\Middleware\ErrorMiddleware->process(Object(Slim\Psr7\Request), Object(Psr\Http\Server\RequestHandlerInterface@anonymous))
#17 /var/www/html/vendor/slim/slim/Slim/MiddlewareDispatcher.php(81): Psr\Http\Server\RequestHandlerInterface@anonymous->handle(Object(Slim\Psr7\Request))
#18 /var/www/html/vendor/slim/slim/Slim/App.php(215): Slim\MiddlewareDispatcher->handle(Object(Slim\Psr7\Request))
#19 /var/www/html/vendor/slim/slim/Slim/App.php(199): Slim\App->handle(Object(Slim\Psr7\Request))
#20 /var/www/html/index.php(14): Slim\App->run()
#21 {main}
2021-04-10T21:15:47+00:00 ERROR : Twig\Error\LoaderError: Unable to find template "variable.twig" (looked into: /var/www/html/view). in /var/www/html/vendor/twig/twig/src/Loader/FilesystemLoader.php:227
Stack trace:
#0 /var/www/html/vendor/twig/twig/src/Loader/FilesystemLoader.php(131): Twig\Loader\FilesystemLoader->findTemplate('variable.twig')
#1 /var/www/html/vendor/twig/twig/src/Environment.php(261): Twig\Loader\FilesystemLoader->getCacheKey('variable.twig')
#2 /var/www/html/vendor/twig/twig/src/Environment.php(309): Twig\Environment->getTemplateClass('variable.twig')
#3 /var/www/html/vendor/twig/twig/src/Environment.php(277): Twig\Environment->load('variable.twig')
#4 /var/www/html/app/Controllers/HomeController.php(60): Twig\Environment->render('variable.twig', Array)
#5 [internal function]: App\Controllers\HomeController->get(Object(Slim\Psr7\Request), Object(Slim\Psr7\Response))
#6 /var/www/html/vendor/php-di/invoker/src/Invoker.php(74): call_user_func_array(Array, Array)
#7 /var/www/html/vendor/php-di/slim-bridge/src/ControllerInvoker.php(47): Invoker\Invoker->call(Array, Array)
#8 /var/www/html/vendor/slim/slim/Slim/Routing/Route.php(384): DI\Bridge\Slim\ControllerInvoker->__invoke(Array, Object(Slim\Psr7\Request), Object(Slim\Psr7\Response), Array)
#9 /var/www/html/vendor/slim/slim/Slim/MiddlewareDispatcher.php(81): Slim\Routing\Route->handle(Object(Slim\Psr7\Request))
#10 /var/www/html/vendor/slim/slim/Slim/MiddlewareDispatcher.php(81): Slim\MiddlewareDispatcher->handle(Object(Slim\Psr7\Request))
#11 /var/www/html/vendor/slim/slim/Slim/Routing/Route.php(341): Slim\MiddlewareDispatcher->handle(Object(Slim\Psr7\Request))
#12 /var/www/html/vendor/slim/slim/Slim/Routing/RouteRunner.php(84): Slim\Routing\Route->run(Object(Slim\Psr7\Request))
#13 /var/www/html/vendor/slim/slim/Slim/Middleware/RoutingMiddleware.php(59): Slim\Routing\RouteRunner->handle(Object(Slim\Psr7\Request))
#14 /var/www/html/vendor/slim/slim/Slim/MiddlewareDispatcher.php(147): Slim\Middleware\RoutingMiddleware->process(Object(Slim\Psr7\Request), Object(Slim\Routing\RouteRunner))
#15 /var/www/html/vendor/slim/slim/Slim/Middleware/ErrorMiddleware.php(107): Psr\Http\Server\RequestHandlerInterface@anonymous->handle(Object(Slim\Psr7\Request))
#16 /var/www/html/vendor/slim/slim/Slim/MiddlewareDispatcher.php(147): Slim\Middleware\ErrorMiddleware->process(Object(Slim\Psr7\Request), Object(Psr\Http\Server\RequestHandlerInterface@anonymous))
#17 /var/www/html/vendor/slim/slim/Slim/MiddlewareDispatcher.php(81): Psr\Http\Server\RequestHandlerInterface@anonymous->handle(Object(Slim\Psr7\Request))
#18 /var/www/html/vendor/slim/slim/Slim/App.php(215): Slim\MiddlewareDispatcher->handle(Object(Slim\Psr7\Request))
#19 /var/www/html/vendor/slim/slim/Slim/App.php(199): Slim\App->handle(Object(Slim\Psr7\Request))
#20 /var/www/html/index.php(14): Slim\App->run()
#21 {main}
2021-04-10T21:15:48+00:00 ERROR : Twig\Error\LoaderError: Unable to find template "variable.twig" (looked into: /var/www/html/view). in /var/www/html/vendor/twig/twig/src/Loader/FilesystemLoader.php:227
Stack trace:
#0 /var/www/html/vendor/twig/twig/src/Loader/FilesystemLoader.php(131): Twig\Loader\FilesystemLoader->findTemplate('variable.twig')
#1 /var/www/html/vendor/twig/twig/src/Environment.php(261): Twig\Loader\FilesystemLoader->getCacheKey('variable.twig')
#2 /var/www/html/vendor/twig/twig/src/Environment.php(309): Twig\Environment->getTemplateClass('variable.twig')
#3 /var/www/html/vendor/twig/twig/src/Environment.php(277): Twig\Environment->load('variable.twig')
#4 /var/www/html/app/Controllers/HomeController.php(60): Twig\Environment->render('variable.twig', Array)
#5 [internal function]: App\Controllers\HomeController->get(Object(Slim\Psr7\Request), Object(Slim\Psr7\Response))
#6 /var/www/html/vendor/php-di/invoker/src/Invoker.php(74): call_user_func_array(Array, Array)
#7 /var/www/html/vendor/php-di/slim-bridge/src/ControllerInvoker.php(47): Invoker\Invoker->call(Array, Array)
#8 /var/www/html/vendor/slim/slim/Slim/Routing/Route.php(384): DI\Bridge\Slim\ControllerInvoker->__invoke(Array, Object(Slim\Psr7\Request), Object(Slim\Psr7\Response), Array)
#9 /var/www/html/vendor/slim/slim/Slim/MiddlewareDispatcher.php(81): Slim\Routing\Route->handle(Object(Slim\Psr7\Request))
#10 /var/www/html/vendor/slim/slim/Slim/MiddlewareDispatcher.php(81): Slim\MiddlewareDispatcher->handle(Object(Slim\Psr7\Request))
#11 /var/www/html/vendor/slim/slim/Slim/Routing/Route.php(341): Slim\MiddlewareDispatcher->handle(Object(Slim\Psr7\Request))
#12 /var/www/html/vendor/slim/slim/Slim/Routing/RouteRunner.php(84): Slim\Routing\Route->run(Object(Slim\Psr7\Request))
#13 /var/www/html/vendor/slim/slim/Slim/Middleware/RoutingMiddleware.php(59): Slim\Routing\RouteRunner->handle(Object(Slim\Psr7\Request))
#14 /var/www/html/vendor/slim/slim/Slim/MiddlewareDispatcher.php(147): Slim\Middleware\RoutingMiddleware->process(Object(Slim\Psr7\Request), Object(Slim\Routing\RouteRunner))
#15 /var/www/html/vendor/slim/slim/Slim/Middleware/ErrorMiddleware.php(107): Psr\Http\Server\RequestHandlerInterface@anonymous->handle(Object(Slim\Psr7\Request))
#16 /var/www/html/vendor/slim/slim/Slim/MiddlewareDispatcher.php(147): Slim\Middleware\ErrorMiddleware->process(Object(Slim\Psr7\Request), Object(Psr\Http\Server\RequestHandlerInterface@anonymous))
#17 /var/www/html/vendor/slim/slim/Slim/MiddlewareDispatcher.php(81): Psr\Http\Server\RequestHandlerInterface@anonymous->handle(Object(Slim\Psr7\Request))
#18 /var/www/html/vendor/slim/slim/Slim/App.php(215): Slim\MiddlewareDispatcher->handle(Object(Slim\Psr7\Request))
#19 /var/www/html/vendor/slim/slim/Slim/App.php(199): Slim\App->handle(Object(Slim\Psr7\Request))
#20 /var/www/html/index.php(14): Slim\App->run()
#21 {main}
2021-04-10T21:16:24+00:00 ERROR : Twig\Error\LoaderError: Unable to find template "variable.twig" (looked into: /var/www/html/view). in /var/www/html/vendor/twig/twig/src/Loader/FilesystemLoader.php:227
Stack trace:
#0 /var/www/html/vendor/twig/twig/src/Loader/FilesystemLoader.php(131): Twig\Loader\FilesystemLoader->findTemplate('variable.twig')
#1 /var/www/html/vendor/twig/twig/src/Environment.php(261): Twig\Loader\FilesystemLoader->getCacheKey('variable.twig')
#2 /var/www/html/vendor/twig/twig/src/Environment.php(309): Twig\Environment->getTemplateClass('variable.twig')
#3 /var/www/html/vendor/twig/twig/src/Environment.php(277): Twig\Environment->load('variable.twig')
#4 /var/www/html/app/Controllers/HomeController.php(60): Twig\Environment->render('variable.twig', Array)
#5 [internal function]: App\Controllers\HomeController->get(Object(Slim\Psr7\Request), Object(Slim\Psr7\Response))
#6 /var/www/html/vendor/php-di/invoker/src/Invoker.php(74): call_user_func_array(Array, Array)
#7 /var/www/html/vendor/php-di/slim-bridge/src/ControllerInvoker.php(47): Invoker\Invoker->call(Array, Array)
#8 /var/www/html/vendor/slim/slim/Slim/Routing/Route.php(384): DI\Bridge\Slim\ControllerInvoker->__invoke(Array, Object(Slim\Psr7\Request), Object(Slim\Psr7\Response), Array)
#9 /var/www/html/vendor/slim/slim/Slim/MiddlewareDispatcher.php(81): Slim\Routing\Route->handle(Object(Slim\Psr7\Request))
#10 /var/www/html/vendor/slim/slim/Slim/MiddlewareDispatcher.php(81): Slim\MiddlewareDispatcher->handle(Object(Slim\Psr7\Request))
#11 /var/www/html/vendor/slim/slim/Slim/Routing/Route.php(341): Slim\MiddlewareDispatcher->handle(Object(Slim\Psr7\Request))
#12 /var/www/html/vendor/slim/slim/Slim/Routing/RouteRunner.php(84): Slim\Routing\Route->run(Object(Slim\Psr7\Request))
#13 /var/www/html/vendor/slim/slim/Slim/Middleware/RoutingMiddleware.php(59): Slim\Routing\RouteRunner->handle(Object(Slim\Psr7\Request))
#14 /var/www/html/vendor/slim/slim/Slim/MiddlewareDispatcher.php(147): Slim\Middleware\RoutingMiddleware->process(Object(Slim\Psr7\Request), Object(Slim\Routing\RouteRunner))
#15 /var/www/html/vendor/slim/slim/Slim/Middleware/ErrorMiddleware.php(107): Psr\Http\Server\RequestHandlerInterface@anonymous->handle(Object(Slim\Psr7\Request))
#16 /var/www/html/vendor/slim/slim/Slim/MiddlewareDispatcher.php(147): Slim\Middleware\ErrorMiddleware->process(Object(Slim\Psr7\Request), Object(Psr\Http\Server\RequestHandlerInterface@anonymous))
#17 /var/www/html/vendor/slim/slim/Slim/MiddlewareDispatcher.php(81): Psr\Http\Server\RequestHandlerInterface@anonymous->handle(Object(Slim\Psr7\Request))
#18 /var/www/html/vendor/slim/slim/Slim/App.php(215): Slim\MiddlewareDispatcher->handle(Object(Slim\Psr7\Request))
#19 /var/www/html/vendor/slim/slim/Slim/App.php(199): Slim\App->handle(Object(Slim\Psr7\Request))
#20 /var/www/html/index.php(14): Slim\App->run()
#21 {main}
2021-04-10T21:16:30+00:00 ERROR : Twig\Error\LoaderError: Unable to find template "variable.twig" (looked into: /var/www/html/view). in /var/www/html/vendor/twig/twig/src/Loader/FilesystemLoader.php:227
Stack trace:
#0 /var/www/html/vendor/twig/twig/src/Loader/FilesystemLoader.php(131): Twig\Loader\FilesystemLoader->findTemplate('variable.twig')
#1 /var/www/html/vendor/twig/twig/src/Environment.php(261): Twig\Loader\FilesystemLoader->getCacheKey('variable.twig')
#2 /var/www/html/vendor/twig/twig/src/Environment.php(309): Twig\Environment->getTemplateClass('variable.twig')
#3 /var/www/html/vendor/twig/twig/src/Environment.php(277): Twig\Environment->load('variable.twig')
#4 /var/www/html/app/Controllers/HomeController.php(60): Twig\Environment->render('variable.twig', Array)
#5 [internal function]: App\Controllers\HomeController->get(Object(Slim\Psr7\Request), Object(Slim\Psr7\Response))
#6 /var/www/html/vendor/php-di/invoker/src/Invoker.php(74): call_user_func_array(Array, Array)
#7 /var/www/html/vendor/php-di/slim-bridge/src/ControllerInvoker.php(47): Invoker\Invoker->call(Array, Array)
#8 /var/www/html/vendor/slim/slim/Slim/Routing/Route.php(384): DI\Bridge\Slim\ControllerInvoker->__invoke(Array, Object(Slim\Psr7\Request), Object(Slim\Psr7\Response), Array)
#9 /var/www/html/vendor/slim/slim/Slim/MiddlewareDispatcher.php(81): Slim\Routing\Route->handle(Object(Slim\Psr7\Request))
#10 /var/www/html/vendor/slim/slim/Slim/MiddlewareDispatcher.php(81): Slim\MiddlewareDispatcher->handle(Object(Slim\Psr7\Request))
#11 /var/www/html/vendor/slim/slim/Slim/Routing/Route.php(341): Slim\MiddlewareDispatcher->handle(Object(Slim\Psr7\Request))
#12 /var/www/html/vendor/slim/slim/Slim/Routing/RouteRunner.php(84): Slim\Routing\Route->run(Object(Slim\Psr7\Request))
#13 /var/www/html/vendor/slim/slim/Slim/Middleware/RoutingMiddleware.php(59): Slim\Routing\RouteRunner->handle(Object(Slim\Psr7\Request))
#14 /var/www/html/vendor/slim/slim/Slim/MiddlewareDispatcher.php(147): Slim\Middleware\RoutingMiddleware->process(Object(Slim\Psr7\Request), Object(Slim\Routing\RouteRunner))
#15 /var/www/html/vendor/slim/slim/Slim/Middleware/ErrorMiddleware.php(107): Psr\Http\Server\RequestHandlerInterface@anonymous->handle(Object(Slim\Psr7\Request))
#16 /var/www/html/vendor/slim/slim/Slim/MiddlewareDispatcher.php(147): Slim\Middleware\ErrorMiddleware->process(Object(Slim\Psr7\Request), Object(Psr\Http\Server\RequestHandlerInterface@anonymous))
#17 /var/www/html/vendor/slim/slim/Slim/MiddlewareDispatcher.php(81): Psr\Http\Server\RequestHandlerInterface@anonymous->handle(Object(Slim\Psr7\Request))
#18 /var/www/html/vendor/slim/slim/Slim/App.php(215): Slim\MiddlewareDispatcher->handle(Object(Slim\Psr7\Request))
#19 /var/www/html/vendor/slim/slim/Slim/App.php(199): Slim\App->handle(Object(Slim\Psr7\Request))
#20 /var/www/html/index.php(14): Slim\App->run()
#21 {main}
2021-04-10T21:18:30+00:00 ERROR : Twig\Error\LoaderError: Unable to find template "variable.twig" (looked into: /var/www/html/view). in /var/www/html/vendor/twig/twig/src/Loader/FilesystemLoader.php:227
Stack trace:
#0 /var/www/html/vendor/twig/twig/src/Loader/FilesystemLoader.php(131): Twig\Loader\FilesystemLoader->findTemplate('variable.twig')
#1 /var/www/html/vendor/twig/twig/src/Environment.php(261): Twig\Loader\FilesystemLoader->getCacheKey('variable.twig')
#2 /var/www/html/vendor/twig/twig/src/Environment.php(309): Twig\Environment->getTemplateClass('variable.twig')
#3 /var/www/html/vendor/twig/twig/src/Environment.php(277): Twig\Environment->load('variable.twig')
#4 /var/www/html/app/Controllers/HomeController.php(60): Twig\Environment->render('variable.twig', Array)
#5 [internal function]: App\Controllers\HomeController->get(Object(Slim\Psr7\Request), Object(Slim\Psr7\Response))
#6 /var/www/html/vendor/php-di/invoker/src/Invoker.php(74): call_user_func_array(Array, Array)
#7 /var/www/html/vendor/php-di/slim-bridge/src/ControllerInvoker.php(47): Invoker\Invoker->call(Array, Array)
#8 /var/www/html/vendor/slim/slim/Slim/Routing/Route.php(384): DI\Bridge\Slim\ControllerInvoker->__invoke(Array, Object(Slim\Psr7\Request), Object(Slim\Psr7\Response), Array)
#9 /var/www/html/vendor/slim/slim/Slim/MiddlewareDispatcher.php(81): Slim\Routing\Route->handle(Object(Slim\Psr7\Request))
#10 /var/www/html/vendor/slim/slim/Slim/MiddlewareDispatcher.php(81): Slim\MiddlewareDispatcher->handle(Object(Slim\Psr7\Request))
#11 /var/www/html/vendor/slim/slim/Slim/Routing/Route.php(341): Slim\MiddlewareDispatcher->handle(Object(Slim\Psr7\Request))
#12 /var/www/html/vendor/slim/slim/Slim/Routing/RouteRunner.php(84): Slim\Routing\Route->run(Object(Slim\Psr7\Request))
#13 /var/www/html/vendor/slim/slim/Slim/Middleware/RoutingMiddleware.php(59): Slim\Routing\RouteRunner->handle(Object(Slim\Psr7\Request))
#14 /var/www/html/vendor/slim/slim/Slim/MiddlewareDispatcher.php(147): Slim\Middleware\RoutingMiddleware->process(Object(Slim\Psr7\Request), Object(Slim\Routing\RouteRunner))
#15 /var/www/html/vendor/slim/slim/Slim/Middleware/ErrorMiddleware.php(107): Psr\Http\Server\RequestHandlerInterface@anonymous->handle(Object(Slim\Psr7\Request))
#16 /var/www/html/vendor/slim/slim/Slim/MiddlewareDispatcher.php(147): Slim\Middleware\ErrorMiddleware->process(Object(Slim\Psr7\Request), Object(Psr\Http\Server\RequestHandlerInterface@anonymous))
#17 /var/www/html/vendor/slim/slim/Slim/MiddlewareDispatcher.php(81): Psr\Http\Server\RequestHandlerInterface@anonymous->handle(Object(Slim\Psr7\Request))
#18 /var/www/html/vendor/slim/slim/Slim/App.php(215): Slim\MiddlewareDispatcher->handle(Object(Slim\Psr7\Request))
#19 /var/www/html/vendor/slim/slim/Slim/App.php(199): Slim\App->handle(Object(Slim\Psr7\Request))
#20 /var/www/html/index.php(14): Slim\App->run()
#21 {main}
2021-04-10T21:18:31+00:00 ERROR : Twig\Error\LoaderError: Unable to find template "variable.twig" (looked into: /var/www/html/view). in /var/www/html/vendor/twig/twig/src/Loader/FilesystemLoader.php:227
Stack trace:
#0 /var/www/html/vendor/twig/twig/src/Loader/FilesystemLoader.php(131): Twig\Loader\FilesystemLoader->findTemplate('variable.twig')
#1 /var/www/html/vendor/twig/twig/src/Environment.php(261): Twig\Loader\FilesystemLoader->getCacheKey('variable.twig')
#2 /var/www/html/vendor/twig/twig/src/Environment.php(309): Twig\Environment->getTemplateClass('variable.twig')
#3 /var/www/html/vendor/twig/twig/src/Environment.php(277): Twig\Environment->load('variable.twig')
#4 /var/www/html/app/Controllers/HomeController.php(60): Twig\Environment->render('variable.twig', Array)
#5 [internal function]: App\Controllers\HomeController->get(Object(Slim\Psr7\Request), Object(Slim\Psr7\Response))
#6 /var/www/html/vendor/php-di/invoker/src/Invoker.php(74): call_user_func_array(Array, Array)
#7 /var/www/html/vendor/php-di/slim-bridge/src/ControllerInvoker.php(47): Invoker\Invoker->call(Array, Array)
#8 /var/www/html/vendor/slim/slim/Slim/Routing/Route.php(384): DI\Bridge\Slim\ControllerInvoker->__invoke(Array, Object(Slim\Psr7\Request), Object(Slim\Psr7\Response), Array)
#9 /var/www/html/vendor/slim/slim/Slim/MiddlewareDispatcher.php(81): Slim\Routing\Route->handle(Object(Slim\Psr7\Request))
#10 /var/www/html/vendor/slim/slim/Slim/MiddlewareDispatcher.php(81): Slim\MiddlewareDispatcher->handle(Object(Slim\Psr7\Request))
#11 /var/www/html/vendor/slim/slim/Slim/Routing/Route.php(341): Slim\MiddlewareDispatcher->handle(Object(Slim\Psr7\Request))
#12 /var/www/html/vendor/slim/slim/Slim/Routing/RouteRunner.php(84): Slim\Routing\Route->run(Object(Slim\Psr7\Request))
#13 /var/www/html/vendor/slim/slim/Slim/Middleware/RoutingMiddleware.php(59): Slim\Routing\RouteRunner->handle(Object(Slim\Psr7\Request))
#14 /var/www/html/vendor/slim/slim/Slim/MiddlewareDispatcher.php(147): Slim\Middleware\RoutingMiddleware->process(Object(Slim\Psr7\Request), Object(Slim\Routing\RouteRunner))
#15 /var/www/html/vendor/slim/slim/Slim/Middleware/ErrorMiddleware.php(107): Psr\Http\Server\RequestHandlerInterface@anonymous->handle(Object(Slim\Psr7\Request))
#16 /var/www/html/vendor/slim/slim/Slim/MiddlewareDispatcher.php(147): Slim\Middleware\ErrorMiddleware->process(Object(Slim\Psr7\Request), Object(Psr\Http\Server\RequestHandlerInterface@anonymous))
#17 /var/www/html/vendor/slim/slim/Slim/MiddlewareDispatcher.php(81): Psr\Http\Server\RequestHandlerInterface@anonymous->handle(Object(Slim\Psr7\Request))
#18 /var/www/html/vendor/slim/slim/Slim/App.php(215): Slim\MiddlewareDispatcher->handle(Object(Slim\Psr7\Request))
#19 /var/www/html/vendor/slim/slim/Slim/App.php(199): Slim\App->handle(Object(Slim\Psr7\Request))
#20 /var/www/html/index.php(14): Slim\App->run()
#21 {main}
